<?xml version="1.0" encoding="UTF-8"?>
<Site BuildName="Win32-MSBuild"
	BuildStamp="20251103-2216-Experimental"
	Name="Dingus"
	Generator="ctest-4.1.0"
	CompilerName="C:/Program Files (x86)/Microsoft Visual Studio/2022/BuildTools/VC/Tools/MSVC/14.43.34808/bin/Hostx86/x64/cl.exe"
	CompilerVersion="19.43.34810.0"
	OSName="Windows"
	Hostname="Dingus"
	OSRelease=" Personal"
	OSVersion=" (Build 26100)"
	OSPlatform="AMD64"
	Is64Bits="1"
	VendorString="GenuineIntel"
	VendorID="Intel Corporation"
	FamilyID="6"
	ModelID="12"
	ModelName=""
	ProcessorCacheSize="-1"
	NumberOfLogicalCPU="8"
	NumberOfPhysicalCPU="4"
	TotalVirtualMemory="51644"
	TotalPhysicalMemory="16217"
	LogicalProcessorsPerPhysical="2"
	ProcessorClockFrequency="3302"
	>
	<Testing>
		<StartDateTime>Dec 08 02:48 Pacific Standard Time</StartDateTime>
		<StartTestTime>1765190916</StartTestTime>
		<TestList/>
		<EndDateTime>Dec 08 02:48 Pacific Standard Time</EndDateTime>
		<EndTestTime>1765190916</EndTestTime>
		<ElapsedMinutes>0</ElapsedMinutes>
	</Testing>
</Site>
